2016/07/20 19:57:19 [error] [exception.CHttpException.404] exception 'CHttpException' with message 'The system is unable to find the requested action "img".' in /var/www/html/yii/framework/web/CController.php:483
Stack trace:
#0 /var/www/html/yii/framework/web/CController.php(270): CController->missingAction('img')
#1 /var/www/html/yii/framework/web/CWebApplication.php(282): CController->run('img')
#2 /var/www/html/yii/framework/web/CWebApplication.php(141): CWebApplication->runController('site/img/works/...')
#3 /var/www/html/yii/framework/base/CApplication.php(180): CWebApplication->processRequest()
#4 /var/www/html/gestioncurricular/index.php(13): CApplication->run()
#5 {main}
REQUEST_URI=/gestioncurricular/index.php/site/img/works/4.jpg
HTTP_REFERER=http://localhost/gestioncurricular/index.php/site/index
---
2016/07/20 19:57:19 [error] [exception.CHttpException.404] exception 'CHttpException' with message 'The system is unable to find the requested action "img".' in /var/www/html/yii/framework/web/CController.php:483
Stack trace:
#0 /var/www/html/yii/framework/web/CController.php(270): CController->missingAction('img')
#1 /var/www/html/yii/framework/web/CWebApplication.php(282): CController->run('img')
#2 /var/www/html/yii/framework/web/CWebApplication.php(141): CWebApplication->runController('site/img/works/...')
#3 /var/www/html/yii/framework/base/CApplication.php(180): CWebApplication->processRequest()
#4 /var/www/html/gestioncurricular/index.php(13): CApplication->run()
#5 {main}
REQUEST_URI=/gestioncurricular/index.php/site/img/works/3.jpg
HTTP_REFERER=http://localhost/gestioncurricular/index.php/site/index
---
2016/07/20 19:57:19 [error] [exception.CHttpException.404] exception 'CHttpException' with message 'The system is unable to find the requested action "img".' in /var/www/html/yii/framework/web/CController.php:483
Stack trace:
#0 /var/www/html/yii/framework/web/CController.php(270): CController->missingAction('img')
#1 /var/www/html/yii/framework/web/CWebApplication.php(282): CController->run('img')
#2 /var/www/html/yii/framework/web/CWebApplication.php(141): CWebApplication->runController('site/img/slides...')
#3 /var/www/html/yii/framework/base/CApplication.php(180): CWebApplication->processRequest()
#4 /var/www/html/gestioncurricular/index.php(13): CApplication->run()
#5 {main}
REQUEST_URI=/gestioncurricular/index.php/site/img/slides/1.jpg
HTTP_REFERER=http://localhost/gestioncurricular/index.php/site/index
---
2016/07/20 19:57:19 [error] [exception.CHttpException.404] exception 'CHttpException' with message 'The system is unable to find the requested action "img".' in /var/www/html/yii/framework/web/CController.php:483
Stack trace:
#0 /var/www/html/yii/framework/web/CController.php(270): CController->missingAction('img')
#1 /var/www/html/yii/framework/web/CWebApplication.php(282): CController->run('img')
#2 /var/www/html/yii/framework/web/CWebApplication.php(141): CWebApplication->runController('site/img/works/...')
#3 /var/www/html/yii/framework/base/CApplication.php(180): CWebApplication->processRequest()
#4 /var/www/html/gestioncurricular/index.php(13): CApplication->run()
#5 {main}
REQUEST_URI=/gestioncurricular/index.php/site/img/works/2.jpg
HTTP_REFERER=http://localhost/gestioncurricular/index.php/site/index
---
2016/07/20 19:57:19 [error] [exception.CHttpException.404] exception 'CHttpException' with message 'The system is unable to find the requested action "img".' in /var/www/html/yii/framework/web/CController.php:483
Stack trace:
#0 /var/www/html/yii/framework/web/CController.php(270): CController->missingAction('img')
#1 /var/www/html/yii/framework/web/CWebApplication.php(282): CController->run('img')
#2 /var/www/html/yii/framework/web/CWebApplication.php(141): CWebApplication->runController('site/img/works/...')
#3 /var/www/html/yii/framework/base/CApplication.php(180): CWebApplication->processRequest()
#4 /var/www/html/gestioncurricular/index.php(13): CApplication->run()
#5 {main}
REQUEST_URI=/gestioncurricular/index.php/site/img/works/1.jpg
HTTP_REFERER=http://localhost/gestioncurricular/index.php/site/index
---
2016/07/20 19:57:19 [error] [exception.CHttpException.404] exception 'CHttpException' with message 'The system is unable to find the requested action "img".' in /var/www/html/yii/framework/web/CController.php:483
Stack trace:
#0 /var/www/html/yii/framework/web/CController.php(270): CController->missingAction('img')
#1 /var/www/html/yii/framework/web/CWebApplication.php(282): CController->run('img')
#2 /var/www/html/yii/framework/web/CWebApplication.php(141): CWebApplication->runController('site/img/works/...')
#3 /var/www/html/yii/framework/base/CApplication.php(180): CWebApplication->processRequest()
#4 /var/www/html/gestioncurricular/index.php(13): CApplication->run()
#5 {main}
REQUEST_URI=/gestioncurricular/index.php/site/img/works/1.jpg
HTTP_REFERER=http://localhost/gestioncurricular/index.php/site/index
---
2016/07/20 19:57:19 [error] [exception.CHttpException.404] exception 'CHttpException' with message 'The system is unable to find the requested action "img".' in /var/www/html/yii/framework/web/CController.php:483
Stack trace:
#0 /var/www/html/yii/framework/web/CController.php(270): CController->missingAction('img')
#1 /var/www/html/yii/framework/web/CWebApplication.php(282): CController->run('img')
#2 /var/www/html/yii/framework/web/CWebApplication.php(141): CWebApplication->runController('site/img/works/...')
#3 /var/www/html/yii/framework/base/CApplication.php(180): CWebApplication->processRequest()
#4 /var/www/html/gestioncurricular/index.php(13): CApplication->run()
#5 {main}
REQUEST_URI=/gestioncurricular/index.php/site/img/works/3.jpg
HTTP_REFERER=http://localhost/gestioncurricular/index.php/site/index
---
2016/07/20 19:57:19 [error] [exception.CHttpException.404] exception 'CHttpException' with message 'The system is unable to find the requested action "img".' in /var/www/html/yii/framework/web/CController.php:483
Stack trace:
#0 /var/www/html/yii/framework/web/CController.php(270): CController->missingAction('img')
#1 /var/www/html/yii/framework/web/CWebApplication.php(282): CController->run('img')
#2 /var/www/html/yii/framework/web/CWebApplication.php(141): CWebApplication->runController('site/img/works/...')
#3 /var/www/html/yii/framework/base/CApplication.php(180): CWebApplication->processRequest()
#4 /var/www/html/gestioncurricular/index.php(13): CApplication->run()
#5 {main}
REQUEST_URI=/gestioncurricular/index.php/site/img/works/2.jpg
HTTP_REFERER=http://localhost/gestioncurricular/index.php/site/index
---
2016/07/20 19:57:19 [error] [exception.CHttpException.404] exception 'CHttpException' with message 'The system is unable to find the requested action "img".' in /var/www/html/yii/framework/web/CController.php:483
Stack trace:
#0 /var/www/html/yii/framework/web/CController.php(270): CController->missingAction('img')
#1 /var/www/html/yii/framework/web/CWebApplication.php(282): CController->run('img')
#2 /var/www/html/yii/framework/web/CWebApplication.php(141): CWebApplication->runController('site/img/works/...')
#3 /var/www/html/yii/framework/base/CApplication.php(180): CWebApplication->processRequest()
#4 /var/www/html/gestioncurricular/index.php(13): CApplication->run()
#5 {main}
REQUEST_URI=/gestioncurricular/index.php/site/img/works/4.jpg
HTTP_REFERER=http://localhost/gestioncurricular/index.php/site/index
---
2016/07/20 19:58:31 [error] [exception.CHttpException.404] exception 'CHttpException' with message 'The system is unable to find the requested action "skins".' in /var/www/html/yii/framework/web/CController.php:483
Stack trace:
#0 /var/www/html/yii/framework/web/CController.php(270): CController->missingAction('skins')
#1 /var/www/html/yii/framework/web/CWebApplication.php(282): CController->run('skins')
#2 /var/www/html/yii/framework/web/CWebApplication.php(141): CWebApplication->runController('site/skins/defa...')
#3 /var/www/html/yii/framework/base/CApplication.php(180): CWebApplication->processRequest()
#4 /var/www/html/gestioncurricular/index.php(13): CApplication->run()
#5 {main}
REQUEST_URI=/gestioncurricular/index.php/site/skins/default.css
HTTP_REFERER=http://localhost/gestioncurricular/index.php/site/index
---
2016/07/20 19:58:31 [error] [exception.CHttpException.404] exception 'CHttpException' with message 'The system is unable to find the requested action "img".' in /var/www/html/yii/framework/web/CController.php:483
Stack trace:
#0 /var/www/html/yii/framework/web/CController.php(270): CController->missingAction('img')
#1 /var/www/html/yii/framework/web/CWebApplication.php(282): CController->run('img')
#2 /var/www/html/yii/framework/web/CWebApplication.php(141): CWebApplication->runController('site/img/slides...')
#3 /var/www/html/yii/framework/base/CApplication.php(180): CWebApplication->processRequest()
#4 /var/www/html/gestioncurricular/index.php(13): CApplication->run()
#5 {main}
REQUEST_URI=/gestioncurricular/index.php/site/img/slides/1.jpg
HTTP_REFERER=http://localhost/gestioncurricular/index.php/site/index
---
2016/07/20 19:58:31 [error] [exception.CHttpException.404] exception 'CHttpException' with message 'The system is unable to find the requested action "img".' in /var/www/html/yii/framework/web/CController.php:483
Stack trace:
#0 /var/www/html/yii/framework/web/CController.php(270): CController->missingAction('img')
#1 /var/www/html/yii/framework/web/CWebApplication.php(282): CController->run('img')
#2 /var/www/html/yii/framework/web/CWebApplication.php(141): CWebApplication->runController('site/img/slides...')
#3 /var/www/html/yii/framework/base/CApplication.php(180): CWebApplication->processRequest()
#4 /var/www/html/gestioncurricular/index.php(13): CApplication->run()
#5 {main}
REQUEST_URI=/gestioncurricular/index.php/site/img/slides/2.jpg
HTTP_REFERER=http://localhost/gestioncurricular/index.php/site/index
---
2016/07/20 19:58:31 [error] [exception.CHttpException.404] exception 'CHttpException' with message 'The system is unable to find the requested action "img".' in /var/www/html/yii/framework/web/CController.php:483
Stack trace:
#0 /var/www/html/yii/framework/web/CController.php(270): CController->missingAction('img')
#1 /var/www/html/yii/framework/web/CWebApplication.php(282): CController->run('img')
#2 /var/www/html/yii/framework/web/CWebApplication.php(141): CWebApplication->runController('site/img/works/...')
#3 /var/www/html/yii/framework/base/CApplication.php(180): CWebApplication->processRequest()
#4 /var/www/html/gestioncurricular/index.php(13): CApplication->run()
#5 {main}
REQUEST_URI=/gestioncurricular/index.php/site/img/works/2.jpg
HTTP_REFERER=http://localhost/gestioncurricular/index.php/site/index
---
2016/07/20 19:58:31 [error] [exception.CHttpException.404] exception 'CHttpException' with message 'The system is unable to find the requested action "img".' in /var/www/html/yii/framework/web/CController.php:483
Stack trace:
#0 /var/www/html/yii/framework/web/CController.php(270): CController->missingAction('img')
#1 /var/www/html/yii/framework/web/CWebApplication.php(282): CController->run('img')
#2 /var/www/html/yii/framework/web/CWebApplication.php(141): CWebApplication->runController('site/img/works/...')
#3 /var/www/html/yii/framework/base/CApplication.php(180): CWebApplication->processRequest()
#4 /var/www/html/gestioncurricular/index.php(13): CApplication->run()
#5 {main}
REQUEST_URI=/gestioncurricular/index.php/site/img/works/1.jpg
HTTP_REFERER=http://localhost/gestioncurricular/index.php/site/index
---
2016/07/20 19:58:31 [error] [exception.CHttpException.404] exception 'CHttpException' with message 'The system is unable to find the requested action "img".' in /var/www/html/yii/framework/web/CController.php:483
Stack trace:
#0 /var/www/html/yii/framework/web/CController.php(270): CController->missingAction('img')
#1 /var/www/html/yii/framework/web/CWebApplication.php(282): CController->run('img')
#2 /var/www/html/yii/framework/web/CWebApplication.php(141): CWebApplication->runController('site/img/works/...')
#3 /var/www/html/yii/framework/base/CApplication.php(180): CWebApplication->processRequest()
#4 /var/www/html/gestioncurricular/index.php(13): CApplication->run()
#5 {main}
REQUEST_URI=/gestioncurricular/index.php/site/img/works/3.jpg
HTTP_REFERER=http://localhost/gestioncurricular/index.php/site/index
---
2016/07/20 19:58:31 [error] [exception.CHttpException.404] exception 'CHttpException' with message 'The system is unable to find the requested action "img".' in /var/www/html/yii/framework/web/CController.php:483
Stack trace:
#0 /var/www/html/yii/framework/web/CController.php(270): CController->missingAction('img')
#1 /var/www/html/yii/framework/web/CWebApplication.php(282): CController->run('img')
#2 /var/www/html/yii/framework/web/CWebApplication.php(141): CWebApplication->runController('site/img/slides...')
#3 /var/www/html/yii/framework/base/CApplication.php(180): CWebApplication->processRequest()
#4 /var/www/html/gestioncurricular/index.php(13): CApplication->run()
#5 {main}
REQUEST_URI=/gestioncurricular/index.php/site/img/slides/3.jpg
HTTP_REFERER=http://localhost/gestioncurricular/index.php/site/index
---
2016/07/20 19:58:31 [error] [exception.CHttpException.404] exception 'CHttpException' with message 'The system is unable to find the requested action "img".' in /var/www/html/yii/framework/web/CController.php:483
Stack trace:
#0 /var/www/html/yii/framework/web/CController.php(270): CController->missingAction('img')
#1 /var/www/html/yii/framework/web/CWebApplication.php(282): CController->run('img')
#2 /var/www/html/yii/framework/web/CWebApplication.php(141): CWebApplication->runController('site/img/works/...')
#3 /var/www/html/yii/framework/base/CApplication.php(180): CWebApplication->processRequest()
#4 /var/www/html/gestioncurricular/index.php(13): CApplication->run()
#5 {main}
REQUEST_URI=/gestioncurricular/index.php/site/img/works/1.jpg
HTTP_REFERER=http://localhost/gestioncurricular/index.php/site/index
---
2016/07/20 19:58:31 [error] [exception.CHttpException.404] exception 'CHttpException' with message 'The system is unable to find the requested action "img".' in /var/www/html/yii/framework/web/CController.php:483
Stack trace:
#0 /var/www/html/yii/framework/web/CController.php(270): CController->missingAction('img')
#1 /var/www/html/yii/framework/web/CWebApplication.php(282): CController->run('img')
#2 /var/www/html/yii/framework/web/CWebApplication.php(141): CWebApplication->runController('site/img/works/...')
#3 /var/www/html/yii/framework/base/CApplication.php(180): CWebApplication->processRequest()
#4 /var/www/html/gestioncurricular/index.php(13): CApplication->run()
#5 {main}
REQUEST_URI=/gestioncurricular/index.php/site/img/works/2.jpg
HTTP_REFERER=http://localhost/gestioncurricular/index.php/site/index
---
2016/07/20 19:58:31 [error] [exception.CHttpException.404] exception 'CHttpException' with message 'The system is unable to find the requested action "img".' in /var/www/html/yii/framework/web/CController.php:483
Stack trace:
#0 /var/www/html/yii/framework/web/CController.php(270): CController->missingAction('img')
#1 /var/www/html/yii/framework/web/CWebApplication.php(282): CController->run('img')
#2 /var/www/html/yii/framework/web/CWebApplication.php(141): CWebApplication->runController('site/img/works/...')
#3 /var/www/html/yii/framework/base/CApplication.php(180): CWebApplication->processRequest()
#4 /var/www/html/gestioncurricular/index.php(13): CApplication->run()
#5 {main}
REQUEST_URI=/gestioncurricular/index.php/site/img/works/3.jpg
HTTP_REFERER=http://localhost/gestioncurricular/index.php/site/index
---
2016/07/20 19:59:13 [error] [exception.CHttpException.404] exception 'CHttpException' with message 'The system is unable to find the requested action "skins".' in /var/www/html/yii/framework/web/CController.php:483
Stack trace:
#0 /var/www/html/yii/framework/web/CController.php(270): CController->missingAction('skins')
#1 /var/www/html/yii/framework/web/CWebApplication.php(282): CController->run('skins')
#2 /var/www/html/yii/framework/web/CWebApplication.php(141): CWebApplication->runController('site/skins/defa...')
#3 /var/www/html/yii/framework/base/CApplication.php(180): CWebApplication->processRequest()
#4 /var/www/html/gestioncurricular/index.php(13): CApplication->run()
#5 {main}
REQUEST_URI=/gestioncurricular/index.php/site/skins/default.css
HTTP_REFERER=http://localhost/gestioncurricular/index.php/site/index
---
2016/07/20 19:59:13 [error] [exception.CHttpException.404] exception 'CHttpException' with message 'The system is unable to find the requested action "img".' in /var/www/html/yii/framework/web/CController.php:483
Stack trace:
#0 /var/www/html/yii/framework/web/CController.php(270): CController->missingAction('img')
#1 /var/www/html/yii/framework/web/CWebApplication.php(282): CController->run('img')
#2 /var/www/html/yii/framework/web/CWebApplication.php(141): CWebApplication->runController('site/img/slides...')
#3 /var/www/html/yii/framework/base/CApplication.php(180): CWebApplication->processRequest()
#4 /var/www/html/gestioncurricular/index.php(13): CApplication->run()
#5 {main}
REQUEST_URI=/gestioncurricular/index.php/site/img/slides/3.jpg
HTTP_REFERER=http://localhost/gestioncurricular/index.php/site/index
---
2016/07/20 20:00:07 [error] [exception.CHttpException.404] exception 'CHttpException' with message 'The system is unable to find the requested action "skins".' in /var/www/html/yii/framework/web/CController.php:483
Stack trace:
#0 /var/www/html/yii/framework/web/CController.php(270): CController->missingAction('skins')
#1 /var/www/html/yii/framework/web/CWebApplication.php(282): CController->run('skins')
#2 /var/www/html/yii/framework/web/CWebApplication.php(141): CWebApplication->runController('site/skins/defa...')
#3 /var/www/html/yii/framework/base/CApplication.php(180): CWebApplication->processRequest()
#4 /var/www/html/gestioncurricular/index.php(13): CApplication->run()
#5 {main}
REQUEST_URI=/gestioncurricular/index.php/site/skins/default.css
HTTP_REFERER=http://localhost/gestioncurricular/index.php/site/index
---
2016/07/20 20:00:07 [error] [exception.CHttpException.404] exception 'CHttpException' with message 'The system is unable to find the requested action "img".' in /var/www/html/yii/framework/web/CController.php:483
Stack trace:
#0 /var/www/html/yii/framework/web/CController.php(270): CController->missingAction('img')
#1 /var/www/html/yii/framework/web/CWebApplication.php(282): CController->run('img')
#2 /var/www/html/yii/framework/web/CWebApplication.php(141): CWebApplication->runController('site/img/slides...')
#3 /var/www/html/yii/framework/base/CApplication.php(180): CWebApplication->processRequest()
#4 /var/www/html/gestioncurricular/index.php(13): CApplication->run()
#5 {main}
REQUEST_URI=/gestioncurricular/index.php/site/img/slides/3.jpg
HTTP_REFERER=http://localhost/gestioncurricular/index.php/site/index
---
2016/07/20 20:01:16 [error] [exception.CHttpException.404] exception 'CHttpException' with message 'The system is unable to find the requested action "skins".' in /var/www/html/yii/framework/web/CController.php:483
Stack trace:
#0 /var/www/html/yii/framework/web/CController.php(270): CController->missingAction('skins')
#1 /var/www/html/yii/framework/web/CWebApplication.php(282): CController->run('skins')
#2 /var/www/html/yii/framework/web/CWebApplication.php(141): CWebApplication->runController('site/skins/defa...')
#3 /var/www/html/yii/framework/base/CApplication.php(180): CWebApplication->processRequest()
#4 /var/www/html/gestioncurricular/index.php(13): CApplication->run()
#5 {main}
REQUEST_URI=/gestioncurricular/index.php/site/skins/default.css
HTTP_REFERER=http://localhost/gestioncurricular/index.php/site/index
---
2016/07/20 20:01:16 [error] [exception.CHttpException.404] exception 'CHttpException' with message 'The system is unable to find the requested action "img".' in /var/www/html/yii/framework/web/CController.php:483
Stack trace:
#0 /var/www/html/yii/framework/web/CController.php(270): CController->missingAction('img')
#1 /var/www/html/yii/framework/web/CWebApplication.php(282): CController->run('img')
#2 /var/www/html/yii/framework/web/CWebApplication.php(141): CWebApplication->runController('site/img/slides...')
#3 /var/www/html/yii/framework/base/CApplication.php(180): CWebApplication->processRequest()
#4 /var/www/html/gestioncurricular/index.php(13): CApplication->run()
#5 {main}
REQUEST_URI=/gestioncurricular/index.php/site/img/slides/3.jpg
HTTP_REFERER=http://localhost/gestioncurricular/index.php/site/index
---
2016/07/20 20:01:34 [error] [exception.CHttpException.404] exception 'CHttpException' with message 'The system is unable to find the requested action "skins".' in /var/www/html/yii/framework/web/CController.php:483
Stack trace:
#0 /var/www/html/yii/framework/web/CController.php(270): CController->missingAction('skins')
#1 /var/www/html/yii/framework/web/CWebApplication.php(282): CController->run('skins')
#2 /var/www/html/yii/framework/web/CWebApplication.php(141): CWebApplication->runController('site/skins/defa...')
#3 /var/www/html/yii/framework/base/CApplication.php(180): CWebApplication->processRequest()
#4 /var/www/html/gestioncurricular/index.php(13): CApplication->run()
#5 {main}
REQUEST_URI=/gestioncurricular/index.php/site/skins/default.css
HTTP_REFERER=http://localhost/gestioncurricular/index.php/site/index
---
2016/07/20 20:01:34 [error] [exception.CHttpException.404] exception 'CHttpException' with message 'The system is unable to find the requested action "img".' in /var/www/html/yii/framework/web/CController.php:483
Stack trace:
#0 /var/www/html/yii/framework/web/CController.php(270): CController->missingAction('img')
#1 /var/www/html/yii/framework/web/CWebApplication.php(282): CController->run('img')
#2 /var/www/html/yii/framework/web/CWebApplication.php(141): CWebApplication->runController('site/img/slides...')
#3 /var/www/html/yii/framework/base/CApplication.php(180): CWebApplication->processRequest()
#4 /var/www/html/gestioncurricular/index.php(13): CApplication->run()
#5 {main}
REQUEST_URI=/gestioncurricular/index.php/site/img/slides/3.jpg
HTTP_REFERER=http://localhost/gestioncurricular/index.php/site/index
---
2016/07/20 20:01:48 [error] [exception.CHttpException.404] exception 'CHttpException' with message 'The system is unable to find the requested action "skins".' in /var/www/html/yii/framework/web/CController.php:483
Stack trace:
#0 /var/www/html/yii/framework/web/CController.php(270): CController->missingAction('skins')
#1 /var/www/html/yii/framework/web/CWebApplication.php(282): CController->run('skins')
#2 /var/www/html/yii/framework/web/CWebApplication.php(141): CWebApplication->runController('site/skins/defa...')
#3 /var/www/html/yii/framework/base/CApplication.php(180): CWebApplication->processRequest()
#4 /var/www/html/gestioncurricular/index.php(13): CApplication->run()
#5 {main}
REQUEST_URI=/gestioncurricular/index.php/site/skins/default.css
HTTP_REFERER=http://localhost/gestioncurricular/index.php/site/index
---
2016/07/20 20:01:48 [error] [exception.CHttpException.404] exception 'CHttpException' with message 'The system is unable to find the requested action "img".' in /var/www/html/yii/framework/web/CController.php:483
Stack trace:
#0 /var/www/html/yii/framework/web/CController.php(270): CController->missingAction('img')
#1 /var/www/html/yii/framework/web/CWebApplication.php(282): CController->run('img')
#2 /var/www/html/yii/framework/web/CWebApplication.php(141): CWebApplication->runController('site/img/slides...')
#3 /var/www/html/yii/framework/base/CApplication.php(180): CWebApplication->processRequest()
#4 /var/www/html/gestioncurricular/index.php(13): CApplication->run()
#5 {main}
REQUEST_URI=/gestioncurricular/index.php/site/img/slides/3.jpg
HTTP_REFERER=http://localhost/gestioncurricular/index.php/site/index
---
2016/07/20 20:03:32 [error] [exception.CHttpException.404] exception 'CHttpException' with message 'The system is unable to find the requested action "img".' in /var/www/html/yii/framework/web/CController.php:483
Stack trace:
#0 /var/www/html/yii/framework/web/CController.php(270): CController->missingAction('img')
#1 /var/www/html/yii/framework/web/CWebApplication.php(282): CController->run('img')
#2 /var/www/html/yii/framework/web/CWebApplication.php(141): CWebApplication->runController('site/img/slides...')
#3 /var/www/html/yii/framework/base/CApplication.php(180): CWebApplication->processRequest()
#4 /var/www/html/gestioncurricular/index.php(13): CApplication->run()
#5 {main}
REQUEST_URI=/gestioncurricular/index.php/site/img/slides/3.jpg
HTTP_REFERER=http://localhost/gestioncurricular/index.php/site/index
---
2016/07/20 20:06:34 [error] [exception.CHttpException.404] exception 'CHttpException' with message 'The system is unable to find the requested action "img".' in /var/www/html/yii/framework/web/CController.php:483
Stack trace:
#0 /var/www/html/yii/framework/web/CController.php(270): CController->missingAction('img')
#1 /var/www/html/yii/framework/web/CWebApplication.php(282): CController->run('img')
#2 /var/www/html/yii/framework/web/CWebApplication.php(141): CWebApplication->runController('site/img/slides...')
#3 /var/www/html/yii/framework/base/CApplication.php(180): CWebApplication->processRequest()
#4 /var/www/html/gestioncurricular/index.php(13): CApplication->run()
#5 {main}
REQUEST_URI=/gestioncurricular/index.php/site/img/slides/3.jpg
HTTP_REFERER=http://localhost/gestioncurricular/index.php/site/index
---
2016/07/20 20:07:10 [error] [exception.CHttpException.404] exception 'CHttpException' with message 'The system is unable to find the requested action "img".' in /var/www/html/yii/framework/web/CController.php:483
Stack trace:
#0 /var/www/html/yii/framework/web/CController.php(270): CController->missingAction('img')
#1 /var/www/html/yii/framework/web/CWebApplication.php(282): CController->run('img')
#2 /var/www/html/yii/framework/web/CWebApplication.php(141): CWebApplication->runController('site/img/slides...')
#3 /var/www/html/yii/framework/base/CApplication.php(180): CWebApplication->processRequest()
#4 /var/www/html/gestioncurricular/index.php(13): CApplication->run()
#5 {main}
REQUEST_URI=/gestioncurricular/index.php/site/img/slides/3.jpg
HTTP_REFERER=http://localhost/gestioncurricular/index.php/site/index
---
2016/07/20 20:07:52 [error] [exception.CHttpException.404] exception 'CHttpException' with message 'The system is unable to find the requested action "img".' in /var/www/html/yii/framework/web/CController.php:483
Stack trace:
#0 /var/www/html/yii/framework/web/CController.php(270): CController->missingAction('img')
#1 /var/www/html/yii/framework/web/CWebApplication.php(282): CController->run('img')
#2 /var/www/html/yii/framework/web/CWebApplication.php(141): CWebApplication->runController('site/img/slides...')
#3 /var/www/html/yii/framework/base/CApplication.php(180): CWebApplication->processRequest()
#4 /var/www/html/gestioncurricular/index.php(13): CApplication->run()
#5 {main}
REQUEST_URI=/gestioncurricular/index.php/site/img/slides/3.jpg
HTTP_REFERER=http://localhost/gestioncurricular/index.php/site/index
---
2016/07/20 20:11:06 [error] [exception.CHttpException.404] exception 'CHttpException' with message 'The system is unable to find the requested action "img".' in /var/www/html/yii/framework/web/CController.php:483
Stack trace:
#0 /var/www/html/yii/framework/web/CController.php(270): CController->missingAction('img')
#1 /var/www/html/yii/framework/web/CWebApplication.php(282): CController->run('img')
#2 /var/www/html/yii/framework/web/CWebApplication.php(141): CWebApplication->runController('site/img/slides...')
#3 /var/www/html/yii/framework/base/CApplication.php(180): CWebApplication->processRequest()
#4 /var/www/html/gestioncurricular/index.php(13): CApplication->run()
#5 {main}
REQUEST_URI=/gestioncurricular/index.php/site/img/slides/3.jpg
HTTP_REFERER=http://localhost/gestioncurricular/index.php/site/index
---
2016/07/20 20:15:53 [error] [exception.CHttpException.404] exception 'CHttpException' with message 'The system is unable to find the requested action "img".' in /var/www/html/yii/framework/web/CController.php:483
Stack trace:
#0 /var/www/html/yii/framework/web/CController.php(270): CController->missingAction('img')
#1 /var/www/html/yii/framework/web/CWebApplication.php(282): CController->run('img')
#2 /var/www/html/yii/framework/web/CWebApplication.php(141): CWebApplication->runController('site/img/slides...')
#3 /var/www/html/yii/framework/base/CApplication.php(180): CWebApplication->processRequest()
#4 /var/www/html/gestioncurricular/index.php(13): CApplication->run()
#5 {main}
REQUEST_URI=/gestioncurricular/index.php/site/img/slides/3.jpg
HTTP_REFERER=http://localhost/gestioncurricular/index.php/site/index
---
2016/07/20 20:16:34 [error] [exception.CHttpException.404] exception 'CHttpException' with message 'The system is unable to find the requested action "img".' in /var/www/html/yii/framework/web/CController.php:483
Stack trace:
#0 /var/www/html/yii/framework/web/CController.php(270): CController->missingAction('img')
#1 /var/www/html/yii/framework/web/CWebApplication.php(282): CController->run('img')
#2 /var/www/html/yii/framework/web/CWebApplication.php(141): CWebApplication->runController('site/img/slides...')
#3 /var/www/html/yii/framework/base/CApplication.php(180): CWebApplication->processRequest()
#4 /var/www/html/gestioncurricular/index.php(13): CApplication->run()
#5 {main}
REQUEST_URI=/gestioncurricular/index.php/site/img/slides/3.jpg
HTTP_REFERER=http://localhost/gestioncurricular/index.php/site/index
---
2016/07/20 20:17:38 [error] [exception.CHttpException.404] exception 'CHttpException' with message 'The system is unable to find the requested action "img".' in /var/www/html/yii/framework/web/CController.php:483
Stack trace:
#0 /var/www/html/yii/framework/web/CController.php(270): CController->missingAction('img')
#1 /var/www/html/yii/framework/web/CWebApplication.php(282): CController->run('img')
#2 /var/www/html/yii/framework/web/CWebApplication.php(141): CWebApplication->runController('site/img/slides...')
#3 /var/www/html/yii/framework/base/CApplication.php(180): CWebApplication->processRequest()
#4 /var/www/html/gestioncurricular/index.php(13): CApplication->run()
#5 {main}
REQUEST_URI=/gestioncurricular/index.php/site/img/slides/3.jpg
HTTP_REFERER=http://localhost/gestioncurricular/index.php/site/index
---
2016/07/20 20:19:09 [error] [exception.CHttpException.404] exception 'CHttpException' with message 'The system is unable to find the requested action "img".' in /var/www/html/yii/framework/web/CController.php:483
Stack trace:
#0 /var/www/html/yii/framework/web/CController.php(270): CController->missingAction('img')
#1 /var/www/html/yii/framework/web/CWebApplication.php(282): CController->run('img')
#2 /var/www/html/yii/framework/web/CWebApplication.php(141): CWebApplication->runController('site/img/slides...')
#3 /var/www/html/yii/framework/base/CApplication.php(180): CWebApplication->processRequest()
#4 /var/www/html/gestioncurricular/index.php(13): CApplication->run()
#5 {main}
REQUEST_URI=/gestioncurricular/index.php/site/img/slides/3.jpg
HTTP_REFERER=http://localhost/gestioncurricular/index.php/site/index
---
2016/07/20 20:20:09 [error] [exception.CHttpException.404] exception 'CHttpException' with message 'The system is unable to find the requested action "img".' in /var/www/html/yii/framework/web/CController.php:483
Stack trace:
#0 /var/www/html/yii/framework/web/CController.php(270): CController->missingAction('img')
#1 /var/www/html/yii/framework/web/CWebApplication.php(282): CController->run('img')
#2 /var/www/html/yii/framework/web/CWebApplication.php(141): CWebApplication->runController('site/img/slides...')
#3 /var/www/html/yii/framework/base/CApplication.php(180): CWebApplication->processRequest()
#4 /var/www/html/gestioncurricular/index.php(13): CApplication->run()
#5 {main}
REQUEST_URI=/gestioncurricular/index.php/site/img/slides/3.jpg
HTTP_REFERER=http://localhost/gestioncurricular/index.php/site/index
---
2016/07/20 20:22:04 [error] [exception.CHttpException.404] exception 'CHttpException' with message 'The system is unable to find the requested action "img".' in /var/www/html/yii/framework/web/CController.php:483
Stack trace:
#0 /var/www/html/yii/framework/web/CController.php(270): CController->missingAction('img')
#1 /var/www/html/yii/framework/web/CWebApplication.php(282): CController->run('img')
#2 /var/www/html/yii/framework/web/CWebApplication.php(141): CWebApplication->runController('site/img/slides...')
#3 /var/www/html/yii/framework/base/CApplication.php(180): CWebApplication->processRequest()
#4 /var/www/html/gestioncurricular/index.php(13): CApplication->run()
#5 {main}
REQUEST_URI=/gestioncurricular/index.php/site/img/slides/3.jpg
HTTP_REFERER=http://localhost/gestioncurricular/index.php/site/index
---
2016/07/20 20:22:30 [error] [exception.CHttpException.404] exception 'CHttpException' with message 'The system is unable to find the requested action "img".' in /var/www/html/yii/framework/web/CController.php:483
Stack trace:
#0 /var/www/html/yii/framework/web/CController.php(270): CController->missingAction('img')
#1 /var/www/html/yii/framework/web/CWebApplication.php(282): CController->run('img')
#2 /var/www/html/yii/framework/web/CWebApplication.php(141): CWebApplication->runController('site/img/slides...')
#3 /var/www/html/yii/framework/base/CApplication.php(180): CWebApplication->processRequest()
#4 /var/www/html/gestioncurricular/index.php(13): CApplication->run()
#5 {main}
REQUEST_URI=/gestioncurricular/index.php/site/img/slides/3.jpg
HTTP_REFERER=http://localhost/gestioncurricular/index.php/site/index
---
2016/07/20 20:52:14 [error] [exception.CHttpException.404] exception 'CHttpException' with message 'The system is unable to find the requested action "img".' in /var/www/html/yii/framework/web/CController.php:483
Stack trace:
#0 /var/www/html/yii/framework/web/CController.php(270): CController->missingAction('img')
#1 /var/www/html/yii/framework/web/CWebApplication.php(282): CController->run('img')
#2 /var/www/html/yii/framework/web/CWebApplication.php(141): CWebApplication->runController('site/img/slides...')
#3 /var/www/html/yii/framework/base/CApplication.php(180): CWebApplication->processRequest()
#4 /var/www/html/gestioncurricular/index.php(13): CApplication->run()
#5 {main}
REQUEST_URI=/gestioncurricular/index.php/site/img/slides/3.jpg
HTTP_REFERER=http://localhost/gestioncurricular/index.php/site/index
---
2016/07/20 20:52:16 [error] [exception.CHttpException.404] exception 'CHttpException' with message 'The system is unable to find the requested action "img".' in /var/www/html/yii/framework/web/CController.php:483
Stack trace:
#0 /var/www/html/yii/framework/web/CController.php(270): CController->missingAction('img')
#1 /var/www/html/yii/framework/web/CWebApplication.php(282): CController->run('img')
#2 /var/www/html/yii/framework/web/CWebApplication.php(141): CWebApplication->runController('site/img/slides...')
#3 /var/www/html/yii/framework/base/CApplication.php(180): CWebApplication->processRequest()
#4 /var/www/html/gestioncurricular/index.php(13): CApplication->run()
#5 {main}
REQUEST_URI=/gestioncurricular/index.php/site/img/slides/3.jpg
HTTP_REFERER=http://localhost/gestioncurricular/index.php/site/index
---
2016/07/20 20:53:59 [error] [exception.CHttpException.404] exception 'CHttpException' with message 'The system is unable to find the requested action "img".' in /var/www/html/yii/framework/web/CController.php:483
Stack trace:
#0 /var/www/html/yii/framework/web/CController.php(270): CController->missingAction('img')
#1 /var/www/html/yii/framework/web/CWebApplication.php(282): CController->run('img')
#2 /var/www/html/yii/framework/web/CWebApplication.php(141): CWebApplication->runController('site/img/slides...')
#3 /var/www/html/yii/framework/base/CApplication.php(180): CWebApplication->processRequest()
#4 /var/www/html/gestioncurricular/index.php(13): CApplication->run()
#5 {main}
REQUEST_URI=/gestioncurricular/index.php/site/img/slides/3.jpg
HTTP_REFERER=http://localhost/gestioncurricular/index.php/site/index
---
2016/07/20 21:45:58 [error] [exception.CHttpException.404] exception 'CHttpException' with message 'The system is unable to find the requested action "img".' in /var/www/html/yii/framework/web/CController.php:483
Stack trace:
#0 /var/www/html/yii/framework/web/CController.php(270): CController->missingAction('img')
#1 /var/www/html/yii/framework/web/CWebApplication.php(282): CController->run('img')
#2 /var/www/html/yii/framework/web/CWebApplication.php(141): CWebApplication->runController('site/img/works/...')
#3 /var/www/html/yii/framework/base/CApplication.php(180): CWebApplication->processRequest()
#4 /var/www/html/gestioncurricular/index.php(13): CApplication->run()
#5 {main}
REQUEST_URI=/gestioncurricular/index.php/site/img/works/4.jpg
HTTP_REFERER=http://localhost/gestioncurricular/index.php/site/index
---
2016/07/20 21:45:58 [error] [exception.CHttpException.404] exception 'CHttpException' with message 'The system is unable to find the requested action "img".' in /var/www/html/yii/framework/web/CController.php:483
Stack trace:
#0 /var/www/html/yii/framework/web/CController.php(270): CController->missingAction('img')
#1 /var/www/html/yii/framework/web/CWebApplication.php(282): CController->run('img')
#2 /var/www/html/yii/framework/web/CWebApplication.php(141): CWebApplication->runController('site/img/works/...')
#3 /var/www/html/yii/framework/base/CApplication.php(180): CWebApplication->processRequest()
#4 /var/www/html/gestioncurricular/index.php(13): CApplication->run()
#5 {main}
REQUEST_URI=/gestioncurricular/index.php/site/img/works/2.jpg
HTTP_REFERER=http://localhost/gestioncurricular/index.php/site/index
---
2016/07/20 21:45:58 [error] [exception.CHttpException.404] exception 'CHttpException' with message 'The system is unable to find the requested action "img".' in /var/www/html/yii/framework/web/CController.php:483
Stack trace:
#0 /var/www/html/yii/framework/web/CController.php(270): CController->missingAction('img')
#1 /var/www/html/yii/framework/web/CWebApplication.php(282): CController->run('img')
#2 /var/www/html/yii/framework/web/CWebApplication.php(141): CWebApplication->runController('site/img/works/...')
#3 /var/www/html/yii/framework/base/CApplication.php(180): CWebApplication->processRequest()
#4 /var/www/html/gestioncurricular/index.php(13): CApplication->run()
#5 {main}
REQUEST_URI=/gestioncurricular/index.php/site/img/works/3.jpg
HTTP_REFERER=http://localhost/gestioncurricular/index.php/site/index
---
2016/07/20 21:45:58 [error] [exception.CHttpException.404] exception 'CHttpException' with message 'The system is unable to find the requested action "img".' in /var/www/html/yii/framework/web/CController.php:483
Stack trace:
#0 /var/www/html/yii/framework/web/CController.php(270): CController->missingAction('img')
#1 /var/www/html/yii/framework/web/CWebApplication.php(282): CController->run('img')
#2 /var/www/html/yii/framework/web/CWebApplication.php(141): CWebApplication->runController('site/img/works/...')
#3 /var/www/html/yii/framework/base/CApplication.php(180): CWebApplication->processRequest()
#4 /var/www/html/gestioncurricular/index.php(13): CApplication->run()
#5 {main}
REQUEST_URI=/gestioncurricular/index.php/site/img/works/1.jpg
HTTP_REFERER=http://localhost/gestioncurricular/index.php/site/index
---
2016/07/20 21:46:22 [error] [exception.CHttpException.404] exception 'CHttpException' with message 'The system is unable to find the requested action "img".' in /var/www/html/yii/framework/web/CController.php:483
Stack trace:
#0 /var/www/html/yii/framework/web/CController.php(270): CController->missingAction('img')
#1 /var/www/html/yii/framework/web/CWebApplication.php(282): CController->run('img')
#2 /var/www/html/yii/framework/web/CWebApplication.php(141): CWebApplication->runController('site/img/works/...')
#3 /var/www/html/yii/framework/base/CApplication.php(180): CWebApplication->processRequest()
#4 /var/www/html/gestioncurricular/index.php(13): CApplication->run()
#5 {main}
REQUEST_URI=/gestioncurricular/index.php/site/img/works/1.jpg
HTTP_REFERER=http://localhost/gestioncurricular/index.php/site/index
---
2016/07/20 21:46:22 [error] [exception.CHttpException.404] exception 'CHttpException' with message 'The system is unable to find the requested action "img".' in /var/www/html/yii/framework/web/CController.php:483
Stack trace:
#0 /var/www/html/yii/framework/web/CController.php(270): CController->missingAction('img')
#1 /var/www/html/yii/framework/web/CWebApplication.php(282): CController->run('img')
#2 /var/www/html/yii/framework/web/CWebApplication.php(141): CWebApplication->runController('site/img/works/...')
#3 /var/www/html/yii/framework/base/CApplication.php(180): CWebApplication->processRequest()
#4 /var/www/html/gestioncurricular/index.php(13): CApplication->run()
#5 {main}
REQUEST_URI=/gestioncurricular/index.php/site/img/works/2.jpg
HTTP_REFERER=http://localhost/gestioncurricular/index.php/site/index
---
2016/07/20 21:46:22 [error] [exception.CHttpException.404] exception 'CHttpException' with message 'The system is unable to find the requested action "img".' in /var/www/html/yii/framework/web/CController.php:483
Stack trace:
#0 /var/www/html/yii/framework/web/CController.php(270): CController->missingAction('img')
#1 /var/www/html/yii/framework/web/CWebApplication.php(282): CController->run('img')
#2 /var/www/html/yii/framework/web/CWebApplication.php(141): CWebApplication->runController('site/img/works/...')
#3 /var/www/html/yii/framework/base/CApplication.php(180): CWebApplication->processRequest()
#4 /var/www/html/gestioncurricular/index.php(13): CApplication->run()
#5 {main}
REQUEST_URI=/gestioncurricular/index.php/site/img/works/4.jpg
HTTP_REFERER=http://localhost/gestioncurricular/index.php/site/index
---
2016/07/20 21:46:22 [error] [exception.CHttpException.404] exception 'CHttpException' with message 'The system is unable to find the requested action "img".' in /var/www/html/yii/framework/web/CController.php:483
Stack trace:
#0 /var/www/html/yii/framework/web/CController.php(270): CController->missingAction('img')
#1 /var/www/html/yii/framework/web/CWebApplication.php(282): CController->run('img')
#2 /var/www/html/yii/framework/web/CWebApplication.php(141): CWebApplication->runController('site/img/works/...')
#3 /var/www/html/yii/framework/base/CApplication.php(180): CWebApplication->processRequest()
#4 /var/www/html/gestioncurricular/index.php(13): CApplication->run()
#5 {main}
REQUEST_URI=/gestioncurricular/index.php/site/img/works/3.jpg
HTTP_REFERER=http://localhost/gestioncurricular/index.php/site/index
---
2016/07/20 21:46:22 [error] [exception.CHttpException.404] exception 'CHttpException' with message 'The system is unable to find the requested action "img".' in /var/www/html/yii/framework/web/CController.php:483
Stack trace:
#0 /var/www/html/yii/framework/web/CController.php(270): CController->missingAction('img')
#1 /var/www/html/yii/framework/web/CWebApplication.php(282): CController->run('img')
#2 /var/www/html/yii/framework/web/CWebApplication.php(141): CWebApplication->runController('site/img/works/...')
#3 /var/www/html/yii/framework/base/CApplication.php(180): CWebApplication->processRequest()
#4 /var/www/html/gestioncurricular/index.php(13): CApplication->run()
#5 {main}
REQUEST_URI=/gestioncurricular/index.php/site/img/works/2.jpg
HTTP_REFERER=http://localhost/gestioncurricular/index.php/site/index
---
2016/07/20 21:46:22 [error] [exception.CHttpException.404] exception 'CHttpException' with message 'The system is unable to find the requested action "img".' in /var/www/html/yii/framework/web/CController.php:483
Stack trace:
#0 /var/www/html/yii/framework/web/CController.php(270): CController->missingAction('img')
#1 /var/www/html/yii/framework/web/CWebApplication.php(282): CController->run('img')
#2 /var/www/html/yii/framework/web/CWebApplication.php(141): CWebApplication->runController('site/img/works/...')
#3 /var/www/html/yii/framework/base/CApplication.php(180): CWebApplication->processRequest()
#4 /var/www/html/gestioncurricular/index.php(13): CApplication->run()
#5 {main}
REQUEST_URI=/gestioncurricular/index.php/site/img/works/3.jpg
HTTP_REFERER=http://localhost/gestioncurricular/index.php/site/index
---
2016/07/20 21:46:22 [error] [exception.CHttpException.404] exception 'CHttpException' with message 'The system is unable to find the requested action "img".' in /var/www/html/yii/framework/web/CController.php:483
Stack trace:
#0 /var/www/html/yii/framework/web/CController.php(270): CController->missingAction('img')
#1 /var/www/html/yii/framework/web/CWebApplication.php(282): CController->run('img')
#2 /var/www/html/yii/framework/web/CWebApplication.php(141): CWebApplication->runController('site/img/works/...')
#3 /var/www/html/yii/framework/base/CApplication.php(180): CWebApplication->processRequest()
#4 /var/www/html/gestioncurricular/index.php(13): CApplication->run()
#5 {main}
REQUEST_URI=/gestioncurricular/index.php/site/img/works/1.jpg
HTTP_REFERER=http://localhost/gestioncurricular/index.php/site/index
---
2016/07/20 21:46:22 [error] [exception.CHttpException.404] exception 'CHttpException' with message 'The system is unable to find the requested action "img".' in /var/www/html/yii/framework/web/CController.php:483
Stack trace:
#0 /var/www/html/yii/framework/web/CController.php(270): CController->missingAction('img')
#1 /var/www/html/yii/framework/web/CWebApplication.php(282): CController->run('img')
#2 /var/www/html/yii/framework/web/CWebApplication.php(141): CWebApplication->runController('site/img/works/...')
#3 /var/www/html/yii/framework/base/CApplication.php(180): CWebApplication->processRequest()
#4 /var/www/html/gestioncurricular/index.php(13): CApplication->run()
#5 {main}
REQUEST_URI=/gestioncurricular/index.php/site/img/works/4.jpg
HTTP_REFERER=http://localhost/gestioncurricular/index.php/site/index
---
2016/07/21 03:36:46 [error] [exception.CHttpException.404] exception 'CHttpException' with message 'The system is unable to find the requested action "administrar".' in /var/www/html/yii/framework/web/CController.php:483
Stack trace:
#0 /var/www/html/yii/framework/web/CController.php(270): CController->missingAction('administrar')
#1 /var/www/html/yii/framework/web/CWebApplication.php(282): CController->run('administrar')
#2 /var/www/html/yii/framework/web/CWebApplication.php(141): CWebApplication->runController('materia/adminis...')
#3 /var/www/html/yii/framework/base/CApplication.php(180): CWebApplication->processRequest()
#4 /var/www/html/gestioncurricular/index.php(13): CApplication->run()
#5 {main}
REQUEST_URI=/gestioncurricular/index.php/materia/administrar
---
2016/07/21 03:37:55 [error] [exception.CHttpException.404] exception 'CHttpException' with message 'The system is unable to find the requested action "administrar".' in /var/www/html/yii/framework/web/CController.php:483
Stack trace:
#0 /var/www/html/yii/framework/web/CController.php(270): CController->missingAction('administrar')
#1 /var/www/html/yii/framework/web/CWebApplication.php(282): CController->run('administrar')
#2 /var/www/html/yii/framework/web/CWebApplication.php(141): CWebApplication->runController('materia/adminis...')
#3 /var/www/html/yii/framework/base/CApplication.php(180): CWebApplication->processRequest()
#4 /var/www/html/gestioncurricular/index.php(13): CApplication->run()
#5 {main}
REQUEST_URI=/gestioncurricular/index.php/materia/administrar/view
---
2016/07/21 03:38:00 [error] [exception.CHttpException.404] exception 'CHttpException' with message 'The system is unable to find the requested action "administrar".' in /var/www/html/yii/framework/web/CController.php:483
Stack trace:
#0 /var/www/html/yii/framework/web/CController.php(270): CController->missingAction('administrar')
#1 /var/www/html/yii/framework/web/CWebApplication.php(282): CController->run('administrar')
#2 /var/www/html/yii/framework/web/CWebApplication.php(141): CWebApplication->runController('materia/adminis...')
#3 /var/www/html/yii/framework/base/CApplication.php(180): CWebApplication->processRequest()
#4 /var/www/html/gestioncurricular/index.php(13): CApplication->run()
#5 {main}
REQUEST_URI=/gestioncurricular/index.php/materia/administrar/admin
---
2016/07/21 03:38:12 [error] [exception.CHttpException.404] exception 'CHttpException' with message 'The system is unable to find the requested action "administrar".' in /var/www/html/yii/framework/web/CController.php:483
Stack trace:
#0 /var/www/html/yii/framework/web/CController.php(270): CController->missingAction('administrar')
#1 /var/www/html/yii/framework/web/CWebApplication.php(282): CController->run('administrar')
#2 /var/www/html/yii/framework/web/CWebApplication.php(141): CWebApplication->runController('materia/adminis...')
#3 /var/www/html/yii/framework/base/CApplication.php(180): CWebApplication->processRequest()
#4 /var/www/html/gestioncurricular/index.php(13): CApplication->run()
#5 {main}
REQUEST_URI=/gestioncurricular/index.php/materia/administrar/lista_materia
---
2016/07/21 19:37:36 [error] [exception.CHttpException.400] exception 'CHttpException' with message 'Your request is invalid.' in /var/www/html/yii/framework/web/CController.php:336
Stack trace:
#0 /var/www/html/yii/framework/web/CController.php(309): CController->invalidActionParams(Object(CInlineAction))
#1 /var/www/html/yii/framework/web/filters/CFilterChain.php(133): CController->runAction(Object(CInlineAction))
#2 /var/www/html/yii/framework/web/filters/CFilter.php(40): CFilterChain->run()
#3 /var/www/html/yii/framework/web/CController.php(1145): CFilter->filter(Object(CFilterChain))
#4 /var/www/html/yii/framework/web/filters/CInlineFilter.php(58): CController->filterAccessControl(Object(CFilterChain))
#5 /var/www/html/yii/framework/web/filters/CFilterChain.php(130): CInlineFilter->filter(Object(CFilterChain))
#6 /var/www/html/yii/framework/web/CController.php(291): CFilterChain->run()
#7 /var/www/html/yii/framework/web/CController.php(265): CController->runActionWithFilters(Object(CInlineAction), Array)
#8 /var/www/html/yii/framework/web/CWebApplication.php(282): CController->run('inactivos')
#9 /var/www/html/yii/framework/web/CWebApplication.php(141): CWebApplication->runController('pensumhistorico...')
#10 /var/www/html/yii/framework/base/CApplication.php(180): CWebApplication->processRequest()
#11 /var/www/html/gestioncurricular/index.php(13): CApplication->run()
#12 {main}
REQUEST_URI=/gestioncurricular/index.php/pensumhistorico/inactivos
HTTP_REFERER=http://localhost/gestioncurricular/index.php/pensumhistorico/inactivos?id_departamento=2
---
